*********************************
*      HEADER DESCRIPTION       *
*********************************
Customer: LinksField
Quantity: 5
Type: ISO
Batch: 00001
Profile: 01.00
Graph_Profile: 01
*
SMSC: 550402101000
*
SPN: LinksField
PNN: LinksField
*
Address1:  LF BRASIL
Address2: Av. das Nações Unidas, 14401, Torre Tarumã - 2810
Address3: Vl. Gertrudes - São Paulo
Address4: Brazil
*********************************
*        INPUT VARIABLES        *
*********************************
Var_In_List: ICCID/IMSI
ICCID: 8955400000000300000
IMSI: 724400008000000
*********************************
*       OUTPUT VARIABLES        *
*********************************
Var_Out : ICCID/IMSI/PIN1/PIN2/PUK1/PUK2/Ki/ADM1/ADM2/ACC
8955400000000300000 724400008000000 0000 0000 59385627 54433430 C368D30082522D21729D3DB4CE89ED39 79BCAAE42DB8C687 6A5C490E8B8A0A10 0001                                              
8955400000000300001 724400008000001 0000 0000 53764021 81332661 53913FC24D5D3B36C0B590C1FA383559 71EA3B28C1760838 D667D43DDF67FB03 0002                                              
8955400000000300002 724400008000002 0000 0000 22593621 52275252 D9DAFB25D76226C68367EA217FD66676 5E8A8B02304745BC 47AECBBFCE71AAE7 0004                                              
8955400000000300003 724400008000003 0000 0000 00234845 26226837 B27BBBB25134A8481727C042A3FC6FC4 AC51BC6363571452 17000EFDD8184E15 0008                                              
8955400000000300004 724400008000004 0000 0000 64350634 99080152 9BC23D7FF15E1B2C8E476FFFC45EA117 408468B9644FA20C 84A6CBB779C1D7CF 0010                                              