*********************************
*      HEADER DESCRIPTION       *
*********************************
Customer: LinksField
Quantity: 5
Type: SoftSIM
Batch: 00002
Profile: 01.00
Graph_Profile: 01
*
SMSC: 550402101000
*
SPN: LinksField
PNN: LinksField
*
Address1:  LF BRASIL
Address2: Av. das Na珲es Unidas, 14401, Torre Tarum?- 2810
Address3: Vl. Gertrudes - S鉶 Paulo
Address4: Brazil
*********************************
*        INPUT VARIABLES        *
*********************************
Var_In_List: IMSI
ICCID: 
IMSI: 724400008000005
*********************************
*       OUTPUT VARIABLES        *
*********************************
Var_Out : ICCID/IMSI/PIN1/PIN2/PUK1/PUK2/Ki/ADM1/ADM2/ACC
89987244000080000050 724400008000005 1234 1234 87654321 34567890 371AFD9A3589B76112389A273A04100E 15357918 18753312 0020
89987244000080000068 724400008000006 1234 1234 87654321 34567890 C1C1192768E62D388E9DE8F5DCE9BE2F 15357918 18753312 0020
89987244000080000076 724400008000007 1234 1234 87654321 34567890 863CE4A215E702525A791530877E22B1 15357918 18753312 0020
89987244000080000084 724400008000008 1234 1234 87654321 34567890 A8BBB580ECD75D0DD6ECC4C4EE66DF49 15357918 18753312 0020
89987244000080000092 724400008000009 1234 1234 87654321 34567890 081BD34CB372EE5A3D5130BFDB3CE3F6 15357918 18753312 0020
